i'm have an issu instal the odbc packag on maco sierra(vers 10.12.6) i have unixodbc instal on maco sierra(vers 10.12.6)here is the output of issu "npm instal odbc": odbc@1.3.0 instal /users/cspc106/documents/app/node_modules/odbc node-gyp configur build2017-12-20 19:11:51.288 xcodebuild[3376:23375] [mt] dvtsdk: warning: sdk path collis for path ': sdk with name watchos4.0 be superced by sdk with watchos4.0'.2017-12-20 19:11:51.289 xcodebuild[3376:23375] [mt] dvtsdk: warning: sdk path collis for path ': sdk with name iphonesimulator11.0 be superced by sdk with iphonesimulator11.0'.2017-12-20 19:11:51.290 xcodebuild[3376:23375] [mt] dvtsdk: warning: sdk path collis for path ': sdk with name macosx10.13 be superced by sdk with macosx10.13'.2017-12-20 19:11:51.291 xcodebuild[3376:23375] [mt] dvtsdk: warning: sdk path collis for path ': sdk with name appletvsimulator11.0 be superced by sdk with appletvsimulator11.0'.2017-12-20 19:11:51.292 xcodebuild[3376:23375] [mt] dvtsdk: warning: sdk path collis for path ': sdk with name watchsimulator4.0 be superced by sdk with watchsimulator4.0'.2017-12-20 19:11:51.293 xcodebuild[3376:23375] [mt] dvtsdk: warning: sdk path collis for path ': sdk with name appletvos11.0 be superced by sdk with appletvos11.0'.2017-12-20 19:11:51.293 xcodebuild[3376:23375] [mt] dvtsdk: warning: sdk path collis for path ': sdk with name iphoneos11.0 be superced by sdk with iphoneos11.0'.2017-12-20 19:11:51.466 xcodebuild[3376:23375] [mt] dvtpluginmanager: requir plug-in compat uuid df11c142-1584-4a99-87ac-1925d5f5652a for idedevkitrefactoring.ideplugin (com.apple.dt.ide.idedevkitrefactoring) not present2017-12-20 19:11:51.540 xcodebuild[3376:23375] [mt] dvtpluginloading: fail to load code for plug-in com.apple.dt.ide.ideiossupportcor (/applications/xcode.app/contents/plugins/ideiossupportcore.ideplugin), error = error domain=nscocoaerrordomain code=3588 "dlopen(/applications/xcode.app/contents/plugins/ideiossupportcore.ideplugin/contents/macos/ideiossupportcore, 265): symbol not found: _objc_class_$_fxpcsessionmanag referenc from: /library/developer/privateframeworks/coresimulator.framework/versions/a/coresimul (which was built for mac os x 10.12) expect in: /applications/xcode.app/contents/developer/library/privateframeworks/coresimulator.framework/versions/a/frameworks/foundationxpc.framework/versions/a/foundationxpc in /library/developer/privateframeworks/coresimulator.framework/versions/a/coresimulator" userinfo={nslocalizedfailurereason=th bundl couldn't be loaded., nslocalizedrecoverysuggestion=tri reinstal the bundle., nsfilepath=/applications/xcode.app/contents/plugins/ideiossupportcore.ideplugin/contents/macos/ideiossupportcore, nsdebugdescription=dlopen(/applications/xcode.app/contents/plugins/ideiossupportcore.ideplugin/contents/macos/ideiossupportcore, 265): symbol not found: _objc_class_$_fxpcsessionmanag referenc from: /library/developer/privateframeworks/coresimulator.framework/versions/a/coresimul (which was built for mac os x 10.12) expect in: /applications/xcode.app/contents/developer/library/privateframeworks/coresimulator.framework/versions/a/frameworks/foundationxpc.framework/versions/a/foundationxpc in /library/developer/privateframeworks/coresimulator.framework/versions/a/coresimulator, nsbundlepath=/applications/xcode.app/contents/plugins/ideiossupportcore.ideplugin, nslocalizeddescription=th bundl “ideiossupportcore” couldn't be loaded.}, dylderror = dlopen(/applications/xcode.app/contents/plugins/ideiossupportcore.ideplugin/contents/macos/ideiossupportcore, 0): symbol not found: _objc_class_$_fxpcsessionmanag referenc from: /library/developer/privateframeworks/coresimulator.framework/versions/a/coresimul (which was built for mac os x 10.12) expect in: /applications/xcode.app/contents/developer/library/privateframeworks/coresimulator.framework/versions/a/frameworks/foundationxpc.framework/versions/a/foundationxpc in /library/developer/privateframeworks/coresimulator.framework/versions/a/coresimulator2017-12-20 19:11:51.541 xcodebuild[3376:23375] [mt] dvtassertions: warn in /library/caches/com.apple.xbs/sources/ideframeworks/ideframeworks-13247/idefoundation/initialization/ideinitialization.m:264details: xcode fail it initi plug-in scan, error = error domain=dvtpluginerrordomain code=2 "load a plug-in failed." userinfo={dvtpluginidentifiererrorkey=com.apple.dt.ide.ideiossupportcore, dvtpluginexecutablepatherrorkey=/applications/xcode.app/contents/plugins/ideiossupportcore.ideplugin/contents/macos/ideiossupportcore, nslocalizedrecoverysuggestion=th plug-in or one of it prerequisit plug-in may be miss or damag and may need to be reinstalled., dvtplugindylderrormessageerrorkey=dlopen(/applications/xcode.app/contents/plugins/ideiossupportcore.ideplugin/contents/macos/ideiossupportcore, 0): symbol not found: _objc_class_$_fxpcsessionmanag referenc from: /library/developer/privateframeworks/coresimulator.framework/versions/a/coresimul (which was built for mac os x 10.12) expect in: /applications/xcode.app/contents/developer/library/privateframeworks/coresimulator.framework/versions/a/frameworks/foundationxpc.framework/versions/a/foundationxpc in /library/developer/privateframeworks/coresimulator.framework/versions/a/coresimulator, nslocalizeddescription=load a plug-in failed., nsfilepath=/applications/xcode.app/contents/plugins/ideiossupportcore.ideplugin, nslocalizedfailurereason=th plug-in “com.apple.dt.ide.ideiossupportcore” at path “/applications/xcode.app/contents/plugins/ideiossupportcore.ideplugin” could not be loaded. the plug-in or one of it prerequisit plug-in may be miss or damaged., nsunderlyingerror=0x7ff0ce6900b0 {error domain=nscocoaerrordomain code=3588 "dlopen(/applications/xcode.app/contents/plugins/ideiossupportcore.ideplugin/contents/macos/ideiossupportcore, 265): symbol not found: _objc_class_$_fxpcsessionmanag referenc from: /library/developer/privateframeworks/coresimulator.framework/versions/a/coresimul (which was built for mac os x 10.12) expect in: /applications/xcode.app/contents/developer/library/privateframeworks/coresimulator.framework/versions/a/frameworks/foundationxpc.framework/versions/a/foundationxpc in /library/developer/privateframeworks/coresimulator.framework/versions/a/coresimulator" userinfo={nslocalizedfailurereason=th bundl couldn't be loaded., nslocalizedrecoverysuggestion=tri reinstal the bundle., nsfilepath=/applications/xcode.app/contents/plugins/ideiossupportcore.ideplugin/contents/macos/ideiossupportcore, nsdebugdescription=dlopen(/applications/xcode.app/contents/plugins/ideiossupportcore.ideplugin/contents/macos/ideiossupportcore, 265): symbol not found: _objc_class_$_fxpcsessionmanag referenc from: /library/developer/privateframeworks/coresimulator.framework/versions/a/coresimul (which was built for mac os x 10.12) expect in: /applications/xcode.app/contents/developer/library/privateframeworks/coresimulator.framework/versions/a/frameworks/foundationxpc.framework/versions/a/foundationxpc in /library/developer/privateframeworks/coresimulator.framework/versions/a/coresimulator, nsbundlepath=/applications/xcode.app/contents/plugins/ideiossupportcore.ideplugin, nslocalizeddescription=th bundl “ideiossupportcore” couldn't be loaded.}}}function: bool _ideinitializepluginmanager(ideinitializationoptions, nserror *__autoreleas *)thread: {number = 1, name = main}pleas file a bug at http://bugreport.apple.com with this warn messag and ani use inform you can provide.xcodebuild: error: initi failed. reason: load a plug-in failed.make: error: unabl to find util "make", not a develop tool or in pathgyp err! build error gyp err! stack error: npm err! exit status 1npm err! npm err! fail at the odbc@1.3.0 instal script.npm err! this is probabl not a problem with npm. there is like addit log output above.npm err! a complet log of this run can be found in:npm err! /users/cspc106/.npm/_logs/2017-12-20t13_41_52_231z-debug.log
